<?xml version="1.0" encoding="UTF-8"?>
<!-- Generated by org.testng.reporters.JUnitXMLReporter -->
<testsuite hostname="LAPTOP-H9JS9602" ignored="0" name="Surefire test" tests="4" failures="0" timestamp="12 Aug 2018 15:45:29 GMT" time="0.039" errors="0">
  <testcase name="hsh" time="0.008" classname="com.mycompany.app.LoginTest"/>
  <testcase name="login" time="0.0" classname="com.mycompany.app.LoginTest"/>
  <testcase name="OpeningBrowser" time="0.0" classname="com.mycompany.app.SeleniumTest"/>
  <testcase name="hd" time="0.0" classname="com.mycompany.app.SeleniumTest"/>
</testsuite> <!-- Surefire test -->
