<?xml version="1.0" encoding="UTF-8"?>
<!-- Generated by org.testng.reporters.JUnitXMLReporter -->
<testsuite hostname="LAPTOP-H9JS9602" ignored="0" name="Default test" tests="4" failures="0" timestamp="16 Mar 2019 06:54:56 GMT" time="0.062" errors="0">
  <testcase name="OpeningBrowser" time="0.012" classname="com.mycompany.app.SeleniumTest"/>
  <testcase name="hd" time="0.002" classname="com.mycompany.app.SeleniumTest"/>
  <testcase name="hsh" time="0.0" classname="com.mycompany.app.LoginTest"/>
  <testcase name="login" time="0.002" classname="com.mycompany.app.LoginTest"/>
</testsuite> <!-- Default test -->
