<?xml version="1.0" encoding="UTF-8"?>
<testng-results skipped="0" failed="0" ignored="0" total="4" passed="4">
  <reporter-output>
  </reporter-output>
  <suite name="Surefire suite" duration-ms="39" started-at="2018-08-12T15:45:29Z" finished-at="2018-08-12T15:45:29Z">
    <groups>
    </groups>
    <test name="Surefire test" duration-ms="39" started-at="2018-08-12T15:45:29Z" finished-at="2018-08-12T15:45:29Z">
      <class name="com.mycompany.app.SeleniumTest">
        <test-method status="PASS" signature="OpeningBrowser()[pri:0, instance:com.mycompany.app.SeleniumTest@3f3afe78]" name="OpeningBrowser" duration-ms="0" started-at="2018-08-12T21:15:29Z" finished-at="2018-08-12T21:15:29Z">
          <reporter-output>
          </reporter-output>
        </test-method> <!-- OpeningBrowser -->
        <test-method status="PASS" signature="hd()[pri:0, instance:com.mycompany.app.SeleniumTest@3f3afe78]" name="hd" duration-ms="0" started-at="2018-08-12T21:15:29Z" finished-at="2018-08-12T21:15:29Z">
          <reporter-output>
          </reporter-output>
        </test-method> <!-- hd -->
      </class> <!-- com.mycompany.app.SeleniumTest -->
      <class name="com.mycompany.app.LoginTest">
        <test-method status="PASS" signature="hsh()[pri:0, instance:com.mycompany.app.LoginTest@34ce8af7]" name="hsh" duration-ms="8" started-at="2018-08-12T21:15:29Z" finished-at="2018-08-12T21:15:29Z">
          <reporter-output>
          </reporter-output>
        </test-method> <!-- hsh -->
        <test-method status="PASS" signature="login()[pri:0, instance:com.mycompany.app.LoginTest@34ce8af7]" name="login" duration-ms="0" started-at="2018-08-12T21:15:29Z" finished-at="2018-08-12T21:15:29Z">
          <reporter-output>
          </reporter-output>
        </test-method> <!-- login -->
      </class> <!-- com.mycompany.app.LoginTest -->
    </test> <!-- Surefire test -->
  </suite> <!-- Surefire suite -->
</testng-results>
