<?xml version="1.0" encoding="UTF-8"?>
<testng-results skipped="0" failed="0" ignored="0" total="4" passed="4">
  <reporter-output>
  </reporter-output>
  <suite name="Default suite" duration-ms="62" started-at="2019-03-16T06:54:56Z" finished-at="2019-03-16T06:54:56Z">
    <groups>
    </groups>
    <test name="Default test" duration-ms="62" started-at="2019-03-16T06:54:56Z" finished-at="2019-03-16T06:54:56Z">
      <class name="com.mycompany.app.SeleniumTest">
        <test-method status="PASS" signature="OpeningBrowser()[pri:0, instance:com.mycompany.app.SeleniumTest@59fa1d9b]" name="OpeningBrowser" duration-ms="12" started-at="2019-03-16T06:54:56Z" finished-at="2019-03-16T06:54:56Z">
          <reporter-output>
          </reporter-output>
        </test-method> <!-- OpeningBrowser -->
        <test-method status="PASS" signature="hd()[pri:0, instance:com.mycompany.app.SeleniumTest@59fa1d9b]" name="hd" duration-ms="2" started-at="2019-03-16T06:54:56Z" finished-at="2019-03-16T06:54:56Z">
          <reporter-output>
          </reporter-output>
        </test-method> <!-- hd -->
      </class> <!-- com.mycompany.app.SeleniumTest -->
      <class name="com.mycompany.app.LoginTest">
        <test-method status="PASS" signature="hsh()[pri:0, instance:com.mycompany.app.LoginTest@523884b2]" name="hsh" duration-ms="0" started-at="2019-03-16T06:54:56Z" finished-at="2019-03-16T06:54:56Z">
          <reporter-output>
          </reporter-output>
        </test-method> <!-- hsh -->
        <test-method status="PASS" signature="login()[pri:0, instance:com.mycompany.app.LoginTest@523884b2]" name="login" duration-ms="2" started-at="2019-03-16T06:54:56Z" finished-at="2019-03-16T06:54:56Z">
          <reporter-output>
          </reporter-output>
        </test-method> <!-- login -->
      </class> <!-- com.mycompany.app.LoginTest -->
    </test> <!-- Default test -->
  </suite> <!-- Default suite -->
</testng-results>
